<?xml version="1.0" encoding="UTF-8"?>
<testng-results ignored="0" total="1" passed="1" failed="0" skipped="0">
  <reporter-output>
  </reporter-output>
  <suite started-at="2022-11-21T13:05:11 IST" name="Surefire suite" finished-at="2022-11-21T13:05:11 IST" duration-ms="92">
    <groups>
    </groups>
    <test started-at="2022-11-21T13:05:11 IST" name="Surefire test" finished-at="2022-11-21T13:05:11 IST" duration-ms="92">
      <class name="package1.Firstmavenproject.AppTest">
        <test-method signature="shouldAnswerWithTrue()" started-at="2022-11-21T13:05:11 IST" name="shouldAnswerWithTrue" finished-at="2022-11-21T13:05:11 IST" duration-ms="12" status="PASS">
          <reporter-output>
          </reporter-output>
        </test-method> <!-- shouldAnswerWithTrue -->
      </class> <!-- package1.Firstmavenproject.AppTest -->
    </test> <!-- Surefire test -->
  </suite> <!-- Surefire suite -->
</testng-results>
